android/app/build/intermediates/manifest_merge_blame_file/debug/manifest-merger-blame-debug-report.txt
1<?xml version="1.0" encoding="utf-8"?>
2<manifest xmlns:android="http://schemas.android.com/apk/res/android"
3    xmlns:dist="http://schemas.android.com/apk/distribution"
4    package="com.example.myapplication"
5    android:versionCode="1"
6    android:versionName="1.0" >
7
8    <uses-sdk
9        android:minSdkVersion="15"
9-->src\main\AndroidManifest.xml
10        android:targetSdkVersion="29" />
10-->src\main\AndroidManifest.xml
11
12    <uses-feature
12-->src\main\AndroidManifest.xml:7:5-9:35
13        android:name="android.hardware.camera"
13-->src\main\AndroidManifest.xml:8:9-47
14        android:required="true" />
14-->src\main\AndroidManifest.xml:9:9-32
15
16    <uses-permission android:name="android.permission.INTERNET" />
16-->src\main\AndroidManifest.xml:11:5-67
16-->src\main\AndroidManifest.xml:11:22-64
17
18    <dist:module dist:instant="true" />
18-->src\main\AndroidManifest.xml:12:5-40
18-->src\main\AndroidManifest.xml:12:18-37
19
20    <application
20-->src\main\AndroidManifest.xml:14:5-39:19
21        android:allowBackup="true"
21-->src\main\AndroidManifest.xml:15:9-35
22        android:appComponentFactory="androidx.core.app.CoreComponentFactory"
22-->src\main\AndroidManifest.xml:16:9-77
23        android:debuggable="true"
23-->src\main\AndroidManifest.xml:17:9-34
24        android:icon="@mipmap/ic_launcher"
24-->src\main\AndroidManifest.xml:18:9-43
25        android:label="@string/app_name"
25-->src\main\AndroidManifest.xml:19:9-41
26        android:roundIcon="@mipmap/logo"
26-->src\main\AndroidManifest.xml:20:9-41
27        android:supportsRtl="true"
27-->src\main\AndroidManifest.xml:21:9-35
28        android:testOnly="true"
29        android:theme="@style/AppTheme"
29-->src\main\AndroidManifest.xml:22:9-40
30        android:usesCleartextTraffic="true" >
30-->src\main\AndroidManifest.xml:23:9-44
31        <activity android:name="com.example.myapplication.SuiviQuotidienActivity" />
31-->src\main\AndroidManifest.xml:24:9-69
31-->src\main\AndroidManifest.xml:24:19-57
32        <activity android:name="com.example.myapplication.ProfilCollabActivity" />
32-->src\main\AndroidManifest.xml:25:9-58
32-->src\main\AndroidManifest.xml:25:19-55
33        <activity android:name="com.example.myapplication.ProfilEnfantActivity" />
33-->src\main\AndroidManifest.xml:26:9-58
33-->src\main\AndroidManifest.xml:26:19-55
34        <activity
34-->src\main\AndroidManifest.xml:27:9-30:59
35            android:name="com.example.myapplication.Main2Activity"
35-->src\main\AndroidManifest.xml:28:13-42
36            android:label="@string/title_activity_main2"
36-->src\main\AndroidManifest.xml:29:13-57
37            android:theme="@style/AppTheme.NoActionBar" />
37-->src\main\AndroidManifest.xml:30:13-56
38        <activity android:name="com.example.myapplication.StartActivity" >
38-->src\main\AndroidManifest.xml:31:9-37:20
38-->src\main\AndroidManifest.xml:31:19-48
39            <intent-filter>
39-->src\main\AndroidManifest.xml:32:13-36:29
40                <action android:name="android.intent.action.MAIN" />
40-->src\main\AndroidManifest.xml:33:17-69
40-->src\main\AndroidManifest.xml:33:25-66
41
42                <category android:name="android.intent.category.LAUNCHER" />
42-->src\main\AndroidManifest.xml:35:17-77
42-->src\main\AndroidManifest.xml:35:27-74
43            </intent-filter>
44        </activity>
45        <activity android:name="com.example.myapplication.LoginActivity" />
45-->src\main\AndroidManifest.xml:38:9-51
45-->src\main\AndroidManifest.xml:38:19-48
46
47        <provider
47-->[androidx.lifecycle:lifecycle-process:2.2.0] AndroidManifest.xml:25:9-29:43
48            android:name="androidx.lifecycle.ProcessLifecycleOwnerInitializer"
48-->[androidx.lifecycle:lifecycle-process:2.2.0] AndroidManifest.xml:26:13-79
49            android:authorities="com.example.myapplication.lifecycle-process"
49-->[androidx.lifecycle:lifecycle-process:2.2.0] AndroidManifest.xml:27:13-69
50            android:exported="false"
50-->[androidx.lifecycle:lifecycle-process:2.2.0] AndroidManifest.xml:28:13-37
51            android:multiprocess="true" />
51-->[androidx.lifecycle:lifecycle-process:2.2.0] AndroidManifest.xml:29:13-40
52    </application>
53
54</manifest>